
Showing logs for build [32mcb-kubecd-environment-pr-486-2-6fkj4-1[0m stage [32mfrom-build-pack[0m and container [32mstep-credential-initializer-4mmqh[0m
{"level":"warn","ts":1586428696.9915016,"logger":"fallback-logger","caller":"logging/config.go:69","msg":"Fetch GitHub commit ID from kodata failed: \"ref: refs/heads/0.8.0-**-support-backwards-incompats\" is not a valid GitHub commit ID"}
{"level":"info","ts":1586428696.9921827,"logger":"fallback-logger","caller":"creds-init/main.go:40","msg":"Credentials initialized."}

Showing logs for build [32mcb-kubecd-environment-pr-486-2-6fkj4-1[0m stage [32mfrom-build-pack[0m and container [32mstep-working-dir-initializer-hrhbt[0m
{"level":"warn","ts":1586428697.9247751,"logger":"fallback-logger","caller":"logging/config.go:69","msg":"Fetch GitHub commit ID from kodata failed: open /var/run/ko/HEAD: no such file or directory"}
{"level":"info","ts":1586428697.9267917,"logger":"fallback-logger","caller":"bash/main.go:64","msg":"Successfully executed command \"sh -c mkdir -p /workspace/source\"; output "}

Showing logs for build [32mcb-kubecd-environment-pr-486-2-6fkj4-1[0m stage [32mfrom-build-pack[0m and container [32mstep-place-tools[0m

Showing logs for build [32mcb-kubecd-environment-pr-486-2-6fkj4-1[0m stage [32mfrom-build-pack[0m and container [32mstep-git-source-cb-kubecd-environment-pr-486-2-6fkj4-msmkv[0m
{"level":"warn","ts":1586428704.1091216,"logger":"fallback-logger","caller":"logging/config.go:69","msg":"Fetch GitHub commit ID from kodata failed: \"ref: refs/heads/0.8.0-**-support-backwards-incompats\" is not a valid GitHub commit ID"}
{"level":"info","ts":1586428705.1447093,"logger":"fallback-logger","caller":"git/git.go:103","msg":"Successfully cloned https://github.com/cb-kubecd/environment-pr-486-2-bdd-frontend-staging.git @ master in path /workspace/source"}

Showing logs for build [32mcb-kubecd-environment-pr-486-2-6fkj4-1[0m stage [32mfrom-build-pack[0m and container [32mstep-git-merge[0m
Using SHAs from PULL_REFS=master:34648d7db9d90cd2194df8bcae0067f0b287515a,1:938a6233790a91432ff45cd8bb8e29fced80fe1f
DEBUG: LC_ALL=C JX_LOG_LEVEL=error git fetch origin --unshallow 938a6233790a91432ff45cd8bb8e29fced80fe1f: 34648d7db9d90cd2194df8bcae0067f0b287515a:
DEBUG: ran git fetch --unshallow origin 938a6233790a91432ff45cd8bb8e29fced80fe1f: 34648d7db9d90cd2194df8bcae0067f0b287515a: in 
DEBUG: JX_LOG_LEVEL=error LC_ALL=C git branch
DEBUG: LC_ALL=C JX_LOG_LEVEL=error git checkout master
DEBUG: ran git checkout master in 
DEBUG: LC_ALL=C JX_LOG_LEVEL=error git reset --hard 34648d7db9d90cd2194df8bcae0067f0b287515a
DEBUG: ran git reset --hard 34648d7db9d90cd2194df8bcae0067f0b287515a in 
DEBUG: LC_ALL=C JX_LOG_LEVEL=error git clean -fd .
DEBUG: ran clean --force -d . in 
DEBUG: LC_ALL=C JX_LOG_LEVEL=error git merge 938a6233790a91432ff45cd8bb8e29fced80fe1f
DEBUG: ran git merge 938a6233790a91432ff45cd8bb8e29fced80fe1f in 
DEBUG: LC_ALL=C JX_LOG_LEVEL=error git log --format=%H%x1f%an%x1f%ae%x1f%cn%x1f%ce%x1f%s%n%b%x1e 34648d7db9d90cd2194df8bcae0067f0b287515a..HEAD
Merged SHA 938a6233790a91432ff45cd8bb8e29fced80fe1f with commit message 'chore: Promote bdd-nh-1586427598 to version 0.0.2' into base branch master

Showing logs for build [32mcb-kubecd-environment-pr-486-2-6fkj4-1[0m stage [32mfrom-build-pack[0m and container [32mstep-build-helm-build[0m
WARNING: No $CHART_REPOSITORY defined so using the default value of: http://jenkins-x-chartmuseum:8080
Adding missing Helm repo: storage.googleapis.com https://storage.googleapis.com/chartmuseum.jenkins-x.io
WARNING: No secrets found on "helm/repos" due: reading the secret "helm/repos" from vault: no secret "helm/repos" not found in vault
Read credentials for https://storage.googleapis.com/chartmuseum.jenkins-x.io from vault helm/repos
Successfully added Helm repository storage.googleapis.com.
Adding missing Helm repo: jenkins-x-chartmuseum http://jenkins-x-chartmuseum:8080
WARNING: No secrets found on "helm/repos" due: reading the secret "helm/repos" from vault: no secret "helm/repos" not found in vault
Read credentials for http://jenkins-x-chartmuseum:8080 from vault helm/repos
Successfully added Helm repository jenkins-x-chartmuseum.
WARNING: No $CHART_REPOSITORY defined so using the default value of: http://jenkins-x-chartmuseum:8080
Adding missing Helm repo: chartmuseum.jenkins-x.io http://chartmuseum.jenkins-x.io
WARNING: No secrets found on "helm/repos" due: reading the secret "helm/repos" from vault: no secret "helm/repos" not found in vault
Read credentials for http://chartmuseum.jenkins-x.io from vault helm/repos
Successfully added Helm repository chartmuseum.jenkins-x.io.
